\BOOKMARK [1][-]{section.1}{\376\377\0001\000\040\230\171\166\356\143\317\217\360\000\040\000\050\000P\000r\000o\000j\000e\000c\000t\000\040\000D\000e\000s\000c\000r\000i\000p\000t\000i\000o\000n\000\051}{}% 1
\BOOKMARK [1][-]{section.2}{\376\377\0002\000\040\173\227\154\325\143\317\217\360\000\040\000\050\000D\000e\000s\000c\000r\000i\000p\000t\000i\000o\000n\000\040\000o\000f\000\040\000A\000l\000g\000o\000r\000i\000t\000h\000m\000s\000\051}{}% 2
\BOOKMARK [2][-]{subsection.2.1}{\376\377\0002\000.\0001\000\040\173\227\154\325\116\000\377\032\136\046\122\152\147\235\166\204\155\361\136\246\117\030\121\110\144\034\175\042\000\040\000\050\000D\000F\000S\000\051}{section.2}% 3
\BOOKMARK [2][-]{subsection.2.2}{\376\377\0002\000.\0002\000\040\173\227\154\325\116\214\377\032\122\250\140\001\211\304\122\022\000\040\000\050\000D\000P\000\051}{section.2}% 4
\BOOKMARK [2][-]{subsection.2.3}{\376\377\0002\000.\0003\000\040\173\227\154\325\116\011\377\032\152\041\142\337\220\000\160\153\000\040\000\050\000S\000i\000m\000u\000l\000a\000t\000e\000d\000\040\000A\000n\000n\000e\000a\000l\000i\000n\000g\000\051}{section.2}% 5
\BOOKMARK [1][-]{section.3}{\376\377\0003\000\040\145\366\225\364\131\015\147\102\136\246\166\204\164\006\213\272\122\006\147\220\000\040\000\050\000T\000h\000e\000o\000r\000e\000t\000i\000c\000a\000l\000\040\000A\000n\000a\000l\000y\000s\000i\000s\000\051}{}% 6
\BOOKMARK [2][-]{subsection.3.1}{\376\377\0003\000.\0001\000\040\225\356\230\230\131\015\147\102\140\047\137\122\174\173}{section.3}% 7
\BOOKMARK [2][-]{subsection.3.2}{\376\377\0003\000.\0002\000\040\173\227\154\325\116\000\377\032\155\361\136\246\117\030\121\110\144\034\175\042\000\040\000\050\000D\000F\000S\000\051}{section.3}% 8
\BOOKMARK [2][-]{subsection.3.3}{\376\377\0003\000.\0003\000\040\173\227\154\325\116\214\377\032\122\250\140\001\211\304\122\022\000\040\000\050\000D\000P\000\051}{section.3}% 9
\BOOKMARK [2][-]{subsection.3.4}{\376\377\0003\000.\0004\000\040\173\227\154\325\116\011\377\032\152\041\142\337\220\000\160\153\000\040\000\050\000S\000i\000m\000u\000l\000a\000t\000e\000d\000\040\000A\000n\000n\000e\000a\000l\000i\000n\000g\000\051}{section.3}% 10
\BOOKMARK [1][-]{section.4}{\376\377\0004\000\040\133\236\232\214\116\016\155\113\213\325\122\006\147\220}{}% 11
\BOOKMARK [2][-]{subsection.4.1}{\376\377\0004\000.\0001\000\040\155\113\213\325\145\160\143\156\213\276\213\241}{section.4}% 12
\BOOKMARK [2][-]{subsection.4.2}{\376\377\0004\000.\0002\000\040\000D\000F\000S\000\040\000+\000\040\122\152\147\235\155\113\213\325\176\323\147\234}{section.4}% 13
\BOOKMARK [2][-]{subsection.4.3}{\376\377\0004\000.\0003\000\040\122\250\140\001\211\304\122\022\377\010\000D\000P\377\011\155\113\213\325\176\323\147\234}{section.4}% 14
\BOOKMARK [3][-]{subsubsection.4.3.1}{\376\377\0004\000.\0003\000.\0001\000\040\126\372\133\232\000\040\000n\377\014\130\236\131\047\000\040\000s\000u\000m\000\040\166\204\140\305\121\265}{subsection.4.3}% 15
\BOOKMARK [3][-]{subsubsection.4.3.2}{\376\377\0004\000.\0003\000.\0002\000\040\126\372\133\232\000\040\000s\000u\000m\377\014\130\236\131\047\000\040\000n\000\040\166\204\140\305\121\265}{subsection.4.3}% 16
\BOOKMARK [3][-]{subsubsection.4.3.3}{\376\377\0004\000.\0003\000.\0003\000\040\124\014\145\366\130\236\131\047\000\040\000n\000\040\116\016\000\040\000s\000u\000m\000\040\166\204\140\305\121\265}{subsection.4.3}% 17
\BOOKMARK [2][-]{subsection.4.4}{\376\377\0004\000.\0004\000\040\152\041\142\337\220\000\160\153\377\010\000S\000A\377\011\155\113\213\325\176\323\147\234}{section.4}% 18
\BOOKMARK [3][-]{subsubsection.4.4.1}{\376\377\0004\000.\0004\000.\0001\000\040\000b\000a\000s\000e\000\040\000c\000o\000n\000s\000t\000r\000u\000c\000t\000i\000o\000n}{subsection.4.4}% 19
\BOOKMARK [3][-]{subsubsection.4.4.2}{\376\377\0004\000.\0004\000.\0002\000\040\000g\000r\000e\000e\000d\000y\000\040\000f\000i\000l\000l\000-\000i\000n}{subsection.4.4}% 20
\BOOKMARK [3][-]{subsubsection.4.4.3}{\376\377\0004\000.\0004\000.\0003\000\040\000C\000o\000m\000p\000a\000r\000i\000s\000o\000n}{subsection.4.4}% 21
\BOOKMARK [2][-]{subsection.4.5}{\376\377\0004\000.\0005\000\040\176\374\124\010\122\006\147\220}{section.4}% 22
\BOOKMARK [1][-]{section.5}{\376\377\0005\000\040\000B\000o\000n\000u\000s\000:\000\040\143\250\136\177\122\060\000\040\000K\000-\000P\000a\000r\000t\000i\000t\000i\000o\000n}{}% 23
\BOOKMARK [2][-]{subsection.5.1}{\376\377\0005\000.\0001\000\040\155\361\136\246\117\030\121\110\144\034\175\042\000\040\000\050\000D\000F\000S\000\051\000:\000\040\143\007\145\160\162\006\160\270}{section.5}% 24
\BOOKMARK [2][-]{subsection.5.2}{\376\377\0005\000.\0002\000\040\122\250\140\001\211\304\122\022\000\040\000\050\000D\000P\000\051\000:\000\040\121\205\133\130\226\120\122\066}{section.5}% 25
\BOOKMARK [2][-]{subsection.5.3}{\376\377\0005\000.\0003\000\040\152\041\142\337\220\000\160\153\000\040\000\050\000S\000i\000m\000u\000l\000a\000t\000e\000d\000\040\000A\000n\000n\000e\000a\000l\000i\000n\000g\000\051}{section.5}% 26
\BOOKMARK [1][-]{section.6}{\376\377\0006\000\040\176\323\213\272\116\016\213\250\213\272\000\040\000\050\000C\000o\000n\000c\000l\000u\000s\000i\000o\000n\000\051}{}% 27
